# JRE version: OpenJDK Runtime Environment (16.0.1+9) (build 16.0.1+9-Ubuntu-1)
# Java VM: OpenJDK 64-Bit Server VM (16.0.1+9-Ubuntu-1, mixed mode, sharing, tiered, compressed oops, compressed class ptrs, g1 gc, linux-amd64)
GC Precious Log:
 CPUs: 16 total, 16 available
 Memory: 64259M
 Large Page Support: Disabled
 NUMA Support: Disabled
 Compressed Oops: Enabled (Zero based)
 Heap Region Size: 8M
 Heap Min Capacity: 8M
 Heap Initial Capacity: 1008M
 Heap Max Capacity: 16072M
 Pre-touch: Disabled
 Parallel Workers: 13
 Concurrent Workers: 3
 Concurrent Refinement Workers: 13
 Periodic GC: Disabled
Heap:
 garbage-first heap   total 1048576K, used 289980K [0x0000000413800000, 0x0000000800000000)
  region size 8192K, 5 young (40960K), 1 survivors (8192K)
 Metaspace       used 11773K, committed 12032K, reserved 1064960K
  class space    used 1141K, committed 1280K, reserved 1048576K
GC Heap History (6 events):
Event: 0,502 GC heap before
{Heap before GC invocations=0 (full 0):
 garbage-first heap   total 1048576K, used 57336K [0x0000000413800000, 0x0000000800000000)
  region size 8192K, 6 young (49152K), 0 survivors (0K)
 Metaspace       used 9986K, committed 10176K, reserved 1064960K
  class space    used 964K, committed 1024K, reserved 1048576K
}
Event: 0,505 GC heap after
{Heap after GC invocations=1 (full 0):
 garbage-first heap   total 1048576K, used 13251K [0x0000000413800000, 0x0000000800000000)
  region size 8192K, 1 young (8192K), 1 survivors (8192K)
 Metaspace       used 9986K, committed 10176K, reserved 1064960K
  class space    used 964K, committed 1024K, reserved 1048576K
}
Event: 0,587 GC heap before
{Heap before GC invocations=1 (full 0):
 garbage-first heap   total 1048576K, used 54211K [0x0000000413800000, 0x0000000800000000)
  region size 8192K, 6 young (49152K), 1 survivors (8192K)
 Metaspace       used 9992K, committed 10176K, reserved 1064960K
  class space    used 964K, committed 1024K, reserved 1048576K
}
Event: 0,589 GC heap after
{Heap after GC invocations=2 (full 0):
 garbage-first heap   total 1048576K, used 14014K [0x0000000413800000, 0x0000000800000000)
  region size 8192K, 1 young (8192K), 1 survivors (8192K)
 Metaspace       used 9992K, committed 10176K, reserved 1064960K
  class space    used 964K, committed 1024K, reserved 1048576K
}
Event: 1,276 GC heap before
{Heap before GC invocations=2 (full 0):
 garbage-first heap   total 1048576K, used 374462K [0x0000000413800000, 0x0000000800000000)
  region size 8192K, 15 young (122880K), 1 survivors (8192K)
 Metaspace       used 11384K, committed 11520K, reserved 1064960K
  class space    used 1096K, committed 1152K, reserved 1048576K
}
Event: 1,280 GC heap after
{Heap after GC invocations=3 (full 0):
 garbage-first heap   total 1048576K, used 265404K [0x0000000413800000, 0x0000000800000000)
  region size 8192K, 1 young (8192K), 1 survivors (8192K)
 Metaspace       used 11384K, committed 11520K, reserved 1064960K
  class space    used 1096K, committed 1152K, reserved 1048576K
}

